
os:     file format elf32-littleriscv


Disassembly of section .text:

00000000 <_start>:
# # generated - do not edit
# .global _start
# _start:
#     li sp, 0x7ffc
       0:	00008137          	lui	sp,0x8
       4:	ffc10113          	add	sp,sp,-4 # 7ffc <__global_pointer$+0x4f94>
#     jal ra, run
       8:	004000ef          	jal	c <run>

0000000c <run>:
# void action_take(entity_id eid, name obj);
# void input(input_buffer *buf);
# void handle_input(entity_id eid, input_buffer *buf);
# bool strings_equal(const char *s1, const char *s2);
# 
# void run() {
       c:	f9010113          	add	sp,sp,-112
      10:	06112623          	sw	ra,108(sp)
      14:	06812423          	sw	s0,104(sp)
      18:	07010413          	add	s0,sp,112
#   *leds = 0xe;
      1c:	000037b7          	lui	a5,0x3
      20:	bec7a783          	lw	a5,-1044(a5) # 2bec <leds>
      24:	00e00713          	li	a4,14
      28:	00e78023          	sb	a4,0(a5)
# 
#   unsigned char active_entity = 1;
      2c:	00100793          	li	a5,1
      30:	fef407a3          	sb	a5,-17(s0)
#   input_buffer inbuf;
#   inbuf.ix = 0;
      34:	fe040223          	sb	zero,-28(s0)
# 
#   uart_send_str(hello);
      38:	000037b7          	lui	a5,0x3
      3c:	bf87a783          	lw	a5,-1032(a5) # 2bf8 <hello>
      40:	00078513          	mv	a0,a5
      44:	00001097          	auipc	ra,0x1
      48:	35c080e7          	jalr	860(ra) # 13a0 <uart_send_str>
# 
#   *leds = 0xd;
      4c:	000037b7          	lui	a5,0x3
      50:	bec7a783          	lw	a5,-1044(a5) # 2bec <leds>
      54:	00d00713          	li	a4,13
      58:	00e78023          	sb	a4,0(a5)
# 
#   while (1) {
#     const entity *ent = &entities[active_entity];
      5c:	fef44703          	lbu	a4,-17(s0)
      60:	00070793          	mv	a5,a4
      64:	00279793          	sll	a5,a5,0x2
      68:	00e787b3          	add	a5,a5,a4
      6c:	00379793          	sll	a5,a5,0x3
      70:	00003737          	lui	a4,0x3
      74:	87870713          	add	a4,a4,-1928 # 2878 <entities>
      78:	00e787b3          	add	a5,a5,a4
      7c:	fef42423          	sw	a5,-24(s0)
#     print_location(ent->location, active_entity);
      80:	fe842783          	lw	a5,-24(s0)
      84:	0047c783          	lbu	a5,4(a5)
      88:	fef44703          	lbu	a4,-17(s0)
      8c:	00070593          	mv	a1,a4
      90:	00078513          	mv	a0,a5
      94:	00000097          	auipc	ra,0x0
      98:	3ec080e7          	jalr	1004(ra) # 480 <print_location>
#     uart_send_str(ent->name);
      9c:	fe842783          	lw	a5,-24(s0)
      a0:	0007a783          	lw	a5,0(a5)
      a4:	00078513          	mv	a0,a5
      a8:	00001097          	auipc	ra,0x1
      ac:	2f8080e7          	jalr	760(ra) # 13a0 <uart_send_str>
#     uart_send_str(" > ");
      b0:	000017b7          	lui	a5,0x1
      b4:	60078513          	add	a0,a5,1536 # 1600 <uart_read_char+0xe4>
      b8:	00001097          	auipc	ra,0x1
      bc:	2e8080e7          	jalr	744(ra) # 13a0 <uart_send_str>
#     input(&inbuf);
      c0:	f9440793          	add	a5,s0,-108
      c4:	00078513          	mv	a0,a5
      c8:	00001097          	auipc	ra,0x1
      cc:	140080e7          	jalr	320(ra) # 1208 <input>
#     uart_send_str("\r\n");
      d0:	000017b7          	lui	a5,0x1
      d4:	60478513          	add	a0,a5,1540 # 1604 <uart_read_char+0xe8>
      d8:	00001097          	auipc	ra,0x1
      dc:	2c8080e7          	jalr	712(ra) # 13a0 <uart_send_str>
#     handle_input(active_entity, &inbuf);
      e0:	f9440713          	add	a4,s0,-108
      e4:	fef44783          	lbu	a5,-17(s0)
      e8:	00070593          	mv	a1,a4
      ec:	00078513          	mv	a0,a5
      f0:	00000097          	auipc	ra,0x0
      f4:	02c080e7          	jalr	44(ra) # 11c <handle_input>
#     if (active_entity == 1)
      f8:	fef44703          	lbu	a4,-17(s0)
      fc:	00100793          	li	a5,1
     100:	00f71863          	bne	a4,a5,110 <run+0x104>
#       active_entity = 2;
     104:	00200793          	li	a5,2
     108:	fef407a3          	sb	a5,-17(s0)
     10c:	f51ff06f          	j	5c <run+0x50>
#     else
#       active_entity = 1;
     110:	00100793          	li	a5,1
     114:	fef407a3          	sb	a5,-17(s0)
#   while (1) {
     118:	f45ff06f          	j	5c <run+0x50>

0000011c <handle_input>:
#   }
# }
# 
# void handle_input(entity_id eid, input_buffer *buf) {
     11c:	fb010113          	add	sp,sp,-80
     120:	04112623          	sw	ra,76(sp)
     124:	04812423          	sw	s0,72(sp)
     128:	05010413          	add	s0,sp,80
     12c:	00050793          	mv	a5,a0
     130:	fab42c23          	sw	a1,-72(s0)
     134:	faf40fa3          	sb	a5,-65(s0)
#   const char *words[8];
#   char *ptr = buf->line;
     138:	fb842783          	lw	a5,-72(s0)
     13c:	fef42623          	sw	a5,-20(s0)
#   unsigned nwords = 0;
     140:	fe042423          	sw	zero,-24(s0)
#   while (1) {
#     words[nwords++] = ptr;
     144:	fe842783          	lw	a5,-24(s0)
     148:	00178713          	add	a4,a5,1
     14c:	fee42423          	sw	a4,-24(s0)
     150:	00279793          	sll	a5,a5,0x2
     154:	ff078793          	add	a5,a5,-16
     158:	008787b3          	add	a5,a5,s0
     15c:	fec42703          	lw	a4,-20(s0)
     160:	fce7ac23          	sw	a4,-40(a5)
#     while (*ptr && *ptr != ' ') {
     164:	0100006f          	j	174 <handle_input+0x58>
#       ptr++;
     168:	fec42783          	lw	a5,-20(s0)
     16c:	00178793          	add	a5,a5,1
     170:	fef42623          	sw	a5,-20(s0)
#     while (*ptr && *ptr != ' ') {
     174:	fec42783          	lw	a5,-20(s0)
     178:	0007c783          	lbu	a5,0(a5)
     17c:	00078a63          	beqz	a5,190 <handle_input+0x74>
     180:	fec42783          	lw	a5,-20(s0)
     184:	0007c703          	lbu	a4,0(a5)
     188:	02000793          	li	a5,32
     18c:	fcf71ee3          	bne	a4,a5,168 <handle_input+0x4c>
#     }
#     if (!*ptr)
     190:	fec42783          	lw	a5,-20(s0)
     194:	0007c783          	lbu	a5,0(a5)
     198:	02078c63          	beqz	a5,1d0 <handle_input+0xb4>
#       break;
#     *ptr = 0;
     19c:	fec42783          	lw	a5,-20(s0)
     1a0:	00078023          	sb	zero,0(a5)
#     ptr++;
     1a4:	fec42783          	lw	a5,-20(s0)
     1a8:	00178793          	add	a5,a5,1
     1ac:	fef42623          	sw	a5,-20(s0)
#     if (nwords == sizeof(words) / sizeof(const char *)) {
     1b0:	fe842703          	lw	a4,-24(s0)
     1b4:	00800793          	li	a5,8
     1b8:	f8f716e3          	bne	a4,a5,144 <handle_input+0x28>
#       uart_send_str("too many words, some ignored\r\n\r\n");
     1bc:	000017b7          	lui	a5,0x1
     1c0:	60878513          	add	a0,a5,1544 # 1608 <uart_read_char+0xec>
     1c4:	00001097          	auipc	ra,0x1
     1c8:	1dc080e7          	jalr	476(ra) # 13a0 <uart_send_str>
#       break;
     1cc:	0080006f          	j	1d4 <handle_input+0xb8>
#       break;
     1d0:	00000013          	nop
#   }
#   //  for (unsigned i = 0; i < nwords; i++) {
#   //    uart_send_str(words[i]);
#   //    uart_send_str("\r\n");
#   //  }
#   if (strings_equal(words[0], "help")) {
     1d4:	fc842703          	lw	a4,-56(s0)
     1d8:	000017b7          	lui	a5,0x1
     1dc:	62c78593          	add	a1,a5,1580 # 162c <uart_read_char+0x110>
     1e0:	00070513          	mv	a0,a4
     1e4:	00001097          	auipc	ra,0x1
     1e8:	140080e7          	jalr	320(ra) # 1324 <strings_equal>
     1ec:	00050793          	mv	a5,a0
     1f0:	00078863          	beqz	a5,200 <handle_input+0xe4>
#     print_help();
     1f4:	00001097          	auipc	ra,0x1
     1f8:	fe0080e7          	jalr	-32(ra) # 11d4 <print_help>
     1fc:	2740006f          	j	470 <handle_input+0x354>
#   } else if (strings_equal(words[0], "i")) {
     200:	fc842703          	lw	a4,-56(s0)
     204:	000017b7          	lui	a5,0x1
     208:	63478593          	add	a1,a5,1588 # 1634 <uart_read_char+0x118>
     20c:	00070513          	mv	a0,a4
     210:	00001097          	auipc	ra,0x1
     214:	114080e7          	jalr	276(ra) # 1324 <strings_equal>
     218:	00050793          	mv	a5,a0
     21c:	02078463          	beqz	a5,244 <handle_input+0x128>
#     action_inventory(eid);
     220:	fbf44783          	lbu	a5,-65(s0)
     224:	00078513          	mv	a0,a5
     228:	00000097          	auipc	ra,0x0
     22c:	548080e7          	jalr	1352(ra) # 770 <action_inventory>
#     uart_send_str("\r\n");
     230:	000017b7          	lui	a5,0x1
     234:	60478513          	add	a0,a5,1540 # 1604 <uart_read_char+0xe8>
     238:	00001097          	auipc	ra,0x1
     23c:	168080e7          	jalr	360(ra) # 13a0 <uart_send_str>
     240:	2300006f          	j	470 <handle_input+0x354>
#   } else if (strings_equal(words[0], "t")) {
     244:	fc842703          	lw	a4,-56(s0)
     248:	000017b7          	lui	a5,0x1
     24c:	63878593          	add	a1,a5,1592 # 1638 <uart_read_char+0x11c>
     250:	00070513          	mv	a0,a4
     254:	00001097          	auipc	ra,0x1
     258:	0d0080e7          	jalr	208(ra) # 1324 <strings_equal>
     25c:	00050793          	mv	a5,a0
     260:	04078063          	beqz	a5,2a0 <handle_input+0x184>
#     if (nwords < 2) {
     264:	fe842703          	lw	a4,-24(s0)
     268:	00100793          	li	a5,1
     26c:	00e7ec63          	bltu	a5,a4,284 <handle_input+0x168>
#       uart_send_str("take what\r\n\r\n");
     270:	000017b7          	lui	a5,0x1
     274:	63c78513          	add	a0,a5,1596 # 163c <uart_read_char+0x120>
     278:	00001097          	auipc	ra,0x1
     27c:	128080e7          	jalr	296(ra) # 13a0 <uart_send_str>
#       return;
     280:	1f00006f          	j	470 <handle_input+0x354>
#     }
#     action_take(eid, words[1]);
     284:	fcc42703          	lw	a4,-52(s0)
     288:	fbf44783          	lbu	a5,-65(s0)
     28c:	00070593          	mv	a1,a4
     290:	00078513          	mv	a0,a5
     294:	00001097          	auipc	ra,0x1
     298:	90c080e7          	jalr	-1780(ra) # ba0 <action_take>
     29c:	1d40006f          	j	470 <handle_input+0x354>
#   } else if (strings_equal(words[0], "d")) {
     2a0:	fc842703          	lw	a4,-56(s0)
     2a4:	000017b7          	lui	a5,0x1
     2a8:	64c78593          	add	a1,a5,1612 # 164c <uart_read_char+0x130>
     2ac:	00070513          	mv	a0,a4
     2b0:	00001097          	auipc	ra,0x1
     2b4:	074080e7          	jalr	116(ra) # 1324 <strings_equal>
     2b8:	00050793          	mv	a5,a0
     2bc:	04078063          	beqz	a5,2fc <handle_input+0x1e0>
#     if (nwords < 2) {
     2c0:	fe842703          	lw	a4,-24(s0)
     2c4:	00100793          	li	a5,1
     2c8:	00e7ec63          	bltu	a5,a4,2e0 <handle_input+0x1c4>
#       uart_send_str("drop what\r\n\r\n");
     2cc:	000017b7          	lui	a5,0x1
     2d0:	65078513          	add	a0,a5,1616 # 1650 <uart_read_char+0x134>
     2d4:	00001097          	auipc	ra,0x1
     2d8:	0cc080e7          	jalr	204(ra) # 13a0 <uart_send_str>
#       return;
     2dc:	1940006f          	j	470 <handle_input+0x354>
#     }
#     action_drop(eid, words[1]);
     2e0:	fcc42703          	lw	a4,-52(s0)
     2e4:	fbf44783          	lbu	a5,-65(s0)
     2e8:	00070593          	mv	a1,a4
     2ec:	00078513          	mv	a0,a5
     2f0:	00001097          	auipc	ra,0x1
     2f4:	a10080e7          	jalr	-1520(ra) # d00 <action_drop>
     2f8:	1780006f          	j	470 <handle_input+0x354>
#   } else if (strings_equal(words[0], "n")) {
     2fc:	fc842703          	lw	a4,-56(s0)
     300:	000017b7          	lui	a5,0x1
     304:	66078593          	add	a1,a5,1632 # 1660 <uart_read_char+0x144>
     308:	00070513          	mv	a0,a4
     30c:	00001097          	auipc	ra,0x1
     310:	018080e7          	jalr	24(ra) # 1324 <strings_equal>
     314:	00050793          	mv	a5,a0
     318:	00078e63          	beqz	a5,334 <handle_input+0x218>
#     action_go(eid, 0);
     31c:	fbf44783          	lbu	a5,-65(s0)
     320:	00000593          	li	a1,0
     324:	00078513          	mv	a0,a5
     328:	00001097          	auipc	ra,0x1
     32c:	b48080e7          	jalr	-1208(ra) # e70 <action_go>
     330:	1400006f          	j	470 <handle_input+0x354>
#   } else if (strings_equal(words[0], "e")) {
     334:	fc842703          	lw	a4,-56(s0)
     338:	000017b7          	lui	a5,0x1
     33c:	66478593          	add	a1,a5,1636 # 1664 <uart_read_char+0x148>
     340:	00070513          	mv	a0,a4
     344:	00001097          	auipc	ra,0x1
     348:	fe0080e7          	jalr	-32(ra) # 1324 <strings_equal>
     34c:	00050793          	mv	a5,a0
     350:	00078e63          	beqz	a5,36c <handle_input+0x250>
#     action_go(eid, 1);
     354:	fbf44783          	lbu	a5,-65(s0)
     358:	00100593          	li	a1,1
     35c:	00078513          	mv	a0,a5
     360:	00001097          	auipc	ra,0x1
     364:	b10080e7          	jalr	-1264(ra) # e70 <action_go>
     368:	1080006f          	j	470 <handle_input+0x354>
#   } else if (strings_equal(words[0], "s")) {
     36c:	fc842703          	lw	a4,-56(s0)
     370:	000017b7          	lui	a5,0x1
     374:	66878593          	add	a1,a5,1640 # 1668 <uart_read_char+0x14c>
     378:	00070513          	mv	a0,a4
     37c:	00001097          	auipc	ra,0x1
     380:	fa8080e7          	jalr	-88(ra) # 1324 <strings_equal>
     384:	00050793          	mv	a5,a0
     388:	00078e63          	beqz	a5,3a4 <handle_input+0x288>
#     action_go(eid, 2);
     38c:	fbf44783          	lbu	a5,-65(s0)
     390:	00200593          	li	a1,2
     394:	00078513          	mv	a0,a5
     398:	00001097          	auipc	ra,0x1
     39c:	ad8080e7          	jalr	-1320(ra) # e70 <action_go>
     3a0:	0d00006f          	j	470 <handle_input+0x354>
#   } else if (strings_equal(words[0], "w")) {
     3a4:	fc842703          	lw	a4,-56(s0)
     3a8:	000017b7          	lui	a5,0x1
     3ac:	66c78593          	add	a1,a5,1644 # 166c <uart_read_char+0x150>
     3b0:	00070513          	mv	a0,a4
     3b4:	00001097          	auipc	ra,0x1
     3b8:	f70080e7          	jalr	-144(ra) # 1324 <strings_equal>
     3bc:	00050793          	mv	a5,a0
     3c0:	00078e63          	beqz	a5,3dc <handle_input+0x2c0>
#     action_go(eid, 3);
     3c4:	fbf44783          	lbu	a5,-65(s0)
     3c8:	00300593          	li	a1,3
     3cc:	00078513          	mv	a0,a5
     3d0:	00001097          	auipc	ra,0x1
     3d4:	aa0080e7          	jalr	-1376(ra) # e70 <action_go>
     3d8:	0980006f          	j	470 <handle_input+0x354>
#   } else if (strings_equal(words[0], "g")) {
     3dc:	fc842703          	lw	a4,-56(s0)
     3e0:	000017b7          	lui	a5,0x1
     3e4:	67078593          	add	a1,a5,1648 # 1670 <uart_read_char+0x154>
     3e8:	00070513          	mv	a0,a4
     3ec:	00001097          	auipc	ra,0x1
     3f0:	f38080e7          	jalr	-200(ra) # 1324 <strings_equal>
     3f4:	00050793          	mv	a5,a0
     3f8:	06078463          	beqz	a5,460 <handle_input+0x344>
#     if (nwords < 2) {
     3fc:	fe842703          	lw	a4,-24(s0)
     400:	00100793          	li	a5,1
     404:	00e7ec63          	bltu	a5,a4,41c <handle_input+0x300>
#       uart_send_str("give what\r\n\r\n");
     408:	000017b7          	lui	a5,0x1
     40c:	67478513          	add	a0,a5,1652 # 1674 <uart_read_char+0x158>
     410:	00001097          	auipc	ra,0x1
     414:	f90080e7          	jalr	-112(ra) # 13a0 <uart_send_str>
#       return;
     418:	0580006f          	j	470 <handle_input+0x354>
#     }
#     if (nwords < 3) {
     41c:	fe842703          	lw	a4,-24(s0)
     420:	00200793          	li	a5,2
     424:	00e7ec63          	bltu	a5,a4,43c <handle_input+0x320>
#       uart_send_str("give to whom\r\n\r\n");
     428:	000017b7          	lui	a5,0x1
     42c:	68478513          	add	a0,a5,1668 # 1684 <uart_read_char+0x168>
     430:	00001097          	auipc	ra,0x1
     434:	f70080e7          	jalr	-144(ra) # 13a0 <uart_send_str>
#       return;
     438:	0380006f          	j	470 <handle_input+0x354>
#     }
#     action_give(eid, words[1], words[2]);
     43c:	fcc42703          	lw	a4,-52(s0)
     440:	fd042683          	lw	a3,-48(s0)
     444:	fbf44783          	lbu	a5,-65(s0)
     448:	00068613          	mv	a2,a3
     44c:	00070593          	mv	a1,a4
     450:	00078513          	mv	a0,a5
     454:	00001097          	auipc	ra,0x1
     458:	b54080e7          	jalr	-1196(ra) # fa8 <action_give>
     45c:	0140006f          	j	470 <handle_input+0x354>
#   } else {
#     uart_send_str("not understood\r\n\r\n");
     460:	000017b7          	lui	a5,0x1
     464:	69878513          	add	a0,a5,1688 # 1698 <uart_read_char+0x17c>
     468:	00001097          	auipc	ra,0x1
     46c:	f38080e7          	jalr	-200(ra) # 13a0 <uart_send_str>
#   }
# }
     470:	04c12083          	lw	ra,76(sp)
     474:	04812403          	lw	s0,72(sp)
     478:	05010113          	add	sp,sp,80
     47c:	00008067          	ret

00000480 <print_location>:
# 
# void print_location(location_id lid, entity_id eid_exclude_from_output) {
     480:	fb010113          	add	sp,sp,-80
     484:	04112623          	sw	ra,76(sp)
     488:	04812423          	sw	s0,72(sp)
     48c:	05010413          	add	s0,sp,80
     490:	00050793          	mv	a5,a0
     494:	00058713          	mv	a4,a1
     498:	faf40fa3          	sb	a5,-65(s0)
     49c:	00070793          	mv	a5,a4
     4a0:	faf40f23          	sb	a5,-66(s0)
#   const location *loc = &locations[lid];
     4a4:	fbf44703          	lbu	a4,-65(s0)
     4a8:	00070793          	mv	a5,a4
     4ac:	00379793          	sll	a5,a5,0x3
     4b0:	00e787b3          	add	a5,a5,a4
     4b4:	00279793          	sll	a5,a5,0x2
     4b8:	00e787b3          	add	a5,a5,a4
     4bc:	00279793          	sll	a5,a5,0x2
     4c0:	00003737          	lui	a4,0x3
     4c4:	8f070713          	add	a4,a4,-1808 # 28f0 <locations>
     4c8:	00e787b3          	add	a5,a5,a4
     4cc:	fcf42e23          	sw	a5,-36(s0)
#   uart_send_str("u r in ");
     4d0:	000017b7          	lui	a5,0x1
     4d4:	6ac78513          	add	a0,a5,1708 # 16ac <uart_read_char+0x190>
     4d8:	00001097          	auipc	ra,0x1
     4dc:	ec8080e7          	jalr	-312(ra) # 13a0 <uart_send_str>
#   uart_send_str(loc->name);
     4e0:	fdc42783          	lw	a5,-36(s0)
     4e4:	0007a783          	lw	a5,0(a5)
     4e8:	00078513          	mv	a0,a5
     4ec:	00001097          	auipc	ra,0x1
     4f0:	eb4080e7          	jalr	-332(ra) # 13a0 <uart_send_str>
#   uart_send_str("\r\nu c: ");
     4f4:	000017b7          	lui	a5,0x1
     4f8:	6b478513          	add	a0,a5,1716 # 16b4 <uart_read_char+0x198>
     4fc:	00001097          	auipc	ra,0x1
     500:	ea4080e7          	jalr	-348(ra) # 13a0 <uart_send_str>
# 
#   // print objects in location
#   bool add_list_sep = FALSE;
     504:	fe0407a3          	sb	zero,-17(s0)
#   const object_id *lso = loc->objects;
     508:	fdc42783          	lw	a5,-36(s0)
     50c:	00478793          	add	a5,a5,4
     510:	fcf42c23          	sw	a5,-40(s0)
#   for (unsigned i = 0; i < LOCATION_MAX_OBJECTS; i++) {
     514:	fe042423          	sw	zero,-24(s0)
     518:	0740006f          	j	58c <print_location+0x10c>
#     const object_id oid = lso[i];
     51c:	fd842703          	lw	a4,-40(s0)
     520:	fe842783          	lw	a5,-24(s0)
     524:	00f707b3          	add	a5,a4,a5
     528:	0007c783          	lbu	a5,0(a5)
     52c:	fcf40ba3          	sb	a5,-41(s0)
#     if (!oid)
     530:	fd744783          	lbu	a5,-41(s0)
     534:	06078463          	beqz	a5,59c <print_location+0x11c>
#       break;
#     if (add_list_sep) {
     538:	fef44783          	lbu	a5,-17(s0)
     53c:	00078c63          	beqz	a5,554 <print_location+0xd4>
#       uart_send_str(", ");
     540:	000017b7          	lui	a5,0x1
     544:	6bc78513          	add	a0,a5,1724 # 16bc <uart_read_char+0x1a0>
     548:	00001097          	auipc	ra,0x1
     54c:	e58080e7          	jalr	-424(ra) # 13a0 <uart_send_str>
     550:	00c0006f          	j	55c <print_location+0xdc>
#     } else {
#       add_list_sep = TRUE;
     554:	00100793          	li	a5,1
     558:	fef407a3          	sb	a5,-17(s0)
#     }
#     uart_send_str(objects[oid].name);
     55c:	fd744783          	lbu	a5,-41(s0)
     560:	00003737          	lui	a4,0x3
     564:	86870713          	add	a4,a4,-1944 # 2868 <objects>
     568:	00279793          	sll	a5,a5,0x2
     56c:	00f707b3          	add	a5,a4,a5
     570:	0007a783          	lw	a5,0(a5)
     574:	00078513          	mv	a0,a5
     578:	00001097          	auipc	ra,0x1
     57c:	e28080e7          	jalr	-472(ra) # 13a0 <uart_send_str>
#   for (unsigned i = 0; i < LOCATION_MAX_OBJECTS; i++) {
     580:	fe842783          	lw	a5,-24(s0)
     584:	00178793          	add	a5,a5,1
     588:	fef42423          	sw	a5,-24(s0)
     58c:	fe842703          	lw	a4,-24(s0)
     590:	07f00793          	li	a5,127
     594:	f8e7f4e3          	bgeu	a5,a4,51c <print_location+0x9c>
     598:	0080006f          	j	5a0 <print_location+0x120>
#       break;
     59c:	00000013          	nop
#   }
#   if (!add_list_sep) {
     5a0:	fef44783          	lbu	a5,-17(s0)
     5a4:	00079a63          	bnez	a5,5b8 <print_location+0x138>
#     uart_send_str("nothing");
     5a8:	000017b7          	lui	a5,0x1
     5ac:	6c078513          	add	a0,a5,1728 # 16c0 <uart_read_char+0x1a4>
     5b0:	00001097          	auipc	ra,0x1
     5b4:	df0080e7          	jalr	-528(ra) # 13a0 <uart_send_str>
#   }
#   uart_send_str("\r\n");
     5b8:	000017b7          	lui	a5,0x1
     5bc:	60478513          	add	a0,a5,1540 # 1604 <uart_read_char+0xe8>
     5c0:	00001097          	auipc	ra,0x1
     5c4:	de0080e7          	jalr	-544(ra) # 13a0 <uart_send_str>
# 
#   // print entities in location
#   add_list_sep = FALSE;
     5c8:	fe0407a3          	sb	zero,-17(s0)
#   const entity_id *lse = loc->entities;
     5cc:	fdc42783          	lw	a5,-36(s0)
     5d0:	08478793          	add	a5,a5,132
     5d4:	fcf42823          	sw	a5,-48(s0)
#   for (unsigned i = 0; i < LOCATION_MAX_ENTITIES; i++) {
     5d8:	fe042223          	sw	zero,-28(s0)
     5dc:	0940006f          	j	670 <print_location+0x1f0>
#     const entity_id eid = lse[i];
     5e0:	fd042703          	lw	a4,-48(s0)
     5e4:	fe442783          	lw	a5,-28(s0)
     5e8:	00f707b3          	add	a5,a4,a5
     5ec:	0007c783          	lbu	a5,0(a5)
     5f0:	fcf407a3          	sb	a5,-49(s0)
#     if (!eid)
     5f4:	fcf44783          	lbu	a5,-49(s0)
     5f8:	08078463          	beqz	a5,680 <print_location+0x200>
#       break;
#     if (eid == eid_exclude_from_output)
     5fc:	fcf44703          	lbu	a4,-49(s0)
     600:	fbe44783          	lbu	a5,-66(s0)
     604:	04f70e63          	beq	a4,a5,660 <print_location+0x1e0>
#       continue;
#     if (add_list_sep) {
     608:	fef44783          	lbu	a5,-17(s0)
     60c:	00078c63          	beqz	a5,624 <print_location+0x1a4>
#       uart_send_str(", ");
     610:	000017b7          	lui	a5,0x1
     614:	6bc78513          	add	a0,a5,1724 # 16bc <uart_read_char+0x1a0>
     618:	00001097          	auipc	ra,0x1
     61c:	d88080e7          	jalr	-632(ra) # 13a0 <uart_send_str>
     620:	00c0006f          	j	62c <print_location+0x1ac>
#     } else {
#       add_list_sep = TRUE;
     624:	00100793          	li	a5,1
     628:	fef407a3          	sb	a5,-17(s0)
#     }
#     uart_send_str(entities[eid].name);
     62c:	fcf44703          	lbu	a4,-49(s0)
     630:	000037b7          	lui	a5,0x3
     634:	87878693          	add	a3,a5,-1928 # 2878 <entities>
     638:	00070793          	mv	a5,a4
     63c:	00279793          	sll	a5,a5,0x2
     640:	00e787b3          	add	a5,a5,a4
     644:	00379793          	sll	a5,a5,0x3
     648:	00f687b3          	add	a5,a3,a5
     64c:	0007a783          	lw	a5,0(a5)
     650:	00078513          	mv	a0,a5
     654:	00001097          	auipc	ra,0x1
     658:	d4c080e7          	jalr	-692(ra) # 13a0 <uart_send_str>
     65c:	0080006f          	j	664 <print_location+0x1e4>
#       continue;
     660:	00000013          	nop
#   for (unsigned i = 0; i < LOCATION_MAX_ENTITIES; i++) {
     664:	fe442783          	lw	a5,-28(s0)
     668:	00178793          	add	a5,a5,1
     66c:	fef42223          	sw	a5,-28(s0)
     670:	fe442703          	lw	a4,-28(s0)
     674:	00700793          	li	a5,7
     678:	f6e7f4e3          	bgeu	a5,a4,5e0 <print_location+0x160>
     67c:	0080006f          	j	684 <print_location+0x204>
#       break;
     680:	00000013          	nop
#   }
#   if (add_list_sep) {
     684:	fef44783          	lbu	a5,-17(s0)
     688:	00078a63          	beqz	a5,69c <print_location+0x21c>
#     uart_send_str(" is here\r\n");
     68c:	000017b7          	lui	a5,0x1
     690:	6c878513          	add	a0,a5,1736 # 16c8 <uart_read_char+0x1ac>
     694:	00001097          	auipc	ra,0x1
     698:	d0c080e7          	jalr	-756(ra) # 13a0 <uart_send_str>
#   }
# 
#   // print exits from location
#   add_list_sep = FALSE;
     69c:	fe0407a3          	sb	zero,-17(s0)
#   uart_send_str("exits: ");
     6a0:	000017b7          	lui	a5,0x1
     6a4:	6d478513          	add	a0,a5,1748 # 16d4 <uart_read_char+0x1b8>
     6a8:	00001097          	auipc	ra,0x1
     6ac:	cf8080e7          	jalr	-776(ra) # 13a0 <uart_send_str>
#   for (unsigned i = 0; i < LOCATION_MAX_EXITS; i++) {
     6b0:	fe042023          	sw	zero,-32(s0)
     6b4:	0740006f          	j	728 <print_location+0x2a8>
#     if (!loc->exits[i])
     6b8:	fdc42703          	lw	a4,-36(s0)
     6bc:	fe042783          	lw	a5,-32(s0)
     6c0:	00f707b3          	add	a5,a4,a5
     6c4:	08c7c783          	lbu	a5,140(a5)
     6c8:	04078863          	beqz	a5,718 <print_location+0x298>
#       continue;
#     if (add_list_sep) {
     6cc:	fef44783          	lbu	a5,-17(s0)
     6d0:	00078c63          	beqz	a5,6e8 <print_location+0x268>
#       uart_send_str(", ");
     6d4:	000017b7          	lui	a5,0x1
     6d8:	6bc78513          	add	a0,a5,1724 # 16bc <uart_read_char+0x1a0>
     6dc:	00001097          	auipc	ra,0x1
     6e0:	cc4080e7          	jalr	-828(ra) # 13a0 <uart_send_str>
     6e4:	00c0006f          	j	6f0 <print_location+0x270>
#     } else {
#       add_list_sep = TRUE;
     6e8:	00100793          	li	a5,1
     6ec:	fef407a3          	sb	a5,-17(s0)
#     }
#     uart_send_str(exit_names[i]);
     6f0:	000037b7          	lui	a5,0x3
     6f4:	bd478713          	add	a4,a5,-1068 # 2bd4 <exit_names>
     6f8:	fe042783          	lw	a5,-32(s0)
     6fc:	00279793          	sll	a5,a5,0x2
     700:	00f707b3          	add	a5,a4,a5
     704:	0007a783          	lw	a5,0(a5)
     708:	00078513          	mv	a0,a5
     70c:	00001097          	auipc	ra,0x1
     710:	c94080e7          	jalr	-876(ra) # 13a0 <uart_send_str>
     714:	0080006f          	j	71c <print_location+0x29c>
#       continue;
     718:	00000013          	nop
#   for (unsigned i = 0; i < LOCATION_MAX_EXITS; i++) {
     71c:	fe042783          	lw	a5,-32(s0)
     720:	00178793          	add	a5,a5,1
     724:	fef42023          	sw	a5,-32(s0)
     728:	fe042703          	lw	a4,-32(s0)
     72c:	00500793          	li	a5,5
     730:	f8e7f4e3          	bgeu	a5,a4,6b8 <print_location+0x238>
#   }
#   if (!add_list_sep) {
     734:	fef44783          	lbu	a5,-17(s0)
     738:	00079a63          	bnez	a5,74c <print_location+0x2cc>
#     uart_send_str("none");
     73c:	000017b7          	lui	a5,0x1
     740:	6dc78513          	add	a0,a5,1756 # 16dc <uart_read_char+0x1c0>
     744:	00001097          	auipc	ra,0x1
     748:	c5c080e7          	jalr	-932(ra) # 13a0 <uart_send_str>
#   }
#   uart_send_str("\r\n");
     74c:	000017b7          	lui	a5,0x1
     750:	60478513          	add	a0,a5,1540 # 1604 <uart_read_char+0xe8>
     754:	00001097          	auipc	ra,0x1
     758:	c4c080e7          	jalr	-948(ra) # 13a0 <uart_send_str>
# }
     75c:	00000013          	nop
     760:	04c12083          	lw	ra,76(sp)
     764:	04812403          	lw	s0,72(sp)
     768:	05010113          	add	sp,sp,80
     76c:	00008067          	ret

00000770 <action_inventory>:
# 
# void action_inventory(entity_id eid) {
     770:	fd010113          	add	sp,sp,-48
     774:	02112623          	sw	ra,44(sp)
     778:	02812423          	sw	s0,40(sp)
     77c:	03010413          	add	s0,sp,48
     780:	00050793          	mv	a5,a0
     784:	fcf40fa3          	sb	a5,-33(s0)
#   uart_send_str("u have: ");
     788:	000017b7          	lui	a5,0x1
     78c:	6e478513          	add	a0,a5,1764 # 16e4 <uart_read_char+0x1c8>
     790:	00001097          	auipc	ra,0x1
     794:	c10080e7          	jalr	-1008(ra) # 13a0 <uart_send_str>
#   bool add_list_sep = FALSE;
     798:	fe0407a3          	sb	zero,-17(s0)
#   const object_id *lso = entities[eid].objects;
     79c:	fdf44703          	lbu	a4,-33(s0)
     7a0:	00070793          	mv	a5,a4
     7a4:	00279793          	sll	a5,a5,0x2
     7a8:	00e787b3          	add	a5,a5,a4
     7ac:	00379793          	sll	a5,a5,0x3
     7b0:	00003737          	lui	a4,0x3
     7b4:	87870713          	add	a4,a4,-1928 # 2878 <entities>
     7b8:	00e787b3          	add	a5,a5,a4
     7bc:	00578793          	add	a5,a5,5
     7c0:	fef42223          	sw	a5,-28(s0)
#   for (unsigned i = 0; i < ENTITY_MAX_OBJECTS; i++) {
     7c4:	fe042423          	sw	zero,-24(s0)
     7c8:	0740006f          	j	83c <action_inventory+0xcc>
#     const object_id oid = lso[i];
     7cc:	fe442703          	lw	a4,-28(s0)
     7d0:	fe842783          	lw	a5,-24(s0)
     7d4:	00f707b3          	add	a5,a4,a5
     7d8:	0007c783          	lbu	a5,0(a5)
     7dc:	fef401a3          	sb	a5,-29(s0)
#     if (!oid)
     7e0:	fe344783          	lbu	a5,-29(s0)
     7e4:	06078463          	beqz	a5,84c <action_inventory+0xdc>
#       break;
#     if (add_list_sep) {
     7e8:	fef44783          	lbu	a5,-17(s0)
     7ec:	00078c63          	beqz	a5,804 <action_inventory+0x94>
#       uart_send_str(", ");
     7f0:	000017b7          	lui	a5,0x1
     7f4:	6bc78513          	add	a0,a5,1724 # 16bc <uart_read_char+0x1a0>
     7f8:	00001097          	auipc	ra,0x1
     7fc:	ba8080e7          	jalr	-1112(ra) # 13a0 <uart_send_str>
     800:	00c0006f          	j	80c <action_inventory+0x9c>
#     } else {
#       add_list_sep = TRUE;
     804:	00100793          	li	a5,1
     808:	fef407a3          	sb	a5,-17(s0)
#     }
#     uart_send_str(objects[oid].name);
     80c:	fe344783          	lbu	a5,-29(s0)
     810:	00003737          	lui	a4,0x3
     814:	86870713          	add	a4,a4,-1944 # 2868 <objects>
     818:	00279793          	sll	a5,a5,0x2
     81c:	00f707b3          	add	a5,a4,a5
     820:	0007a783          	lw	a5,0(a5)
     824:	00078513          	mv	a0,a5
     828:	00001097          	auipc	ra,0x1
     82c:	b78080e7          	jalr	-1160(ra) # 13a0 <uart_send_str>
#   for (unsigned i = 0; i < ENTITY_MAX_OBJECTS; i++) {
     830:	fe842783          	lw	a5,-24(s0)
     834:	00178793          	add	a5,a5,1
     838:	fef42423          	sw	a5,-24(s0)
     83c:	fe842703          	lw	a4,-24(s0)
     840:	01f00793          	li	a5,31
     844:	f8e7f4e3          	bgeu	a5,a4,7cc <action_inventory+0x5c>
     848:	0080006f          	j	850 <action_inventory+0xe0>
#       break;
     84c:	00000013          	nop
#   }
#   if (!add_list_sep) {
     850:	fef44783          	lbu	a5,-17(s0)
     854:	00079a63          	bnez	a5,868 <action_inventory+0xf8>
#     uart_send_str("nothing");
     858:	000017b7          	lui	a5,0x1
     85c:	6c078513          	add	a0,a5,1728 # 16c0 <uart_read_char+0x1a4>
     860:	00001097          	auipc	ra,0x1
     864:	b40080e7          	jalr	-1216(ra) # 13a0 <uart_send_str>
#   }
#   uart_send_str("\r\n");
     868:	000017b7          	lui	a5,0x1
     86c:	60478513          	add	a0,a5,1540 # 1604 <uart_read_char+0xe8>
     870:	00001097          	auipc	ra,0x1
     874:	b30080e7          	jalr	-1232(ra) # 13a0 <uart_send_str>
# }
     878:	00000013          	nop
     87c:	02c12083          	lw	ra,44(sp)
     880:	02812403          	lw	s0,40(sp)
     884:	03010113          	add	sp,sp,48
     888:	00008067          	ret

0000088c <remove_object_from_list_by_index>:
# 
# void remove_object_from_list_by_index(object_id list[], unsigned ix) {
     88c:	fd010113          	add	sp,sp,-48
     890:	02812623          	sw	s0,44(sp)
     894:	03010413          	add	s0,sp,48
     898:	fca42e23          	sw	a0,-36(s0)
     89c:	fcb42c23          	sw	a1,-40(s0)
#   object_id *ptr = &list[ix];
     8a0:	fdc42703          	lw	a4,-36(s0)
     8a4:	fd842783          	lw	a5,-40(s0)
     8a8:	00f707b3          	add	a5,a4,a5
     8ac:	fef42623          	sw	a5,-20(s0)
#   while (1) {
#     *ptr = *(ptr + 1);
     8b0:	fec42783          	lw	a5,-20(s0)
     8b4:	0017c703          	lbu	a4,1(a5)
     8b8:	fec42783          	lw	a5,-20(s0)
     8bc:	00e78023          	sb	a4,0(a5)
#     if (!*ptr)
     8c0:	fec42783          	lw	a5,-20(s0)
     8c4:	0007c783          	lbu	a5,0(a5)
     8c8:	00078a63          	beqz	a5,8dc <remove_object_from_list_by_index+0x50>
#       return;
#     ptr++;
     8cc:	fec42783          	lw	a5,-20(s0)
     8d0:	00178793          	add	a5,a5,1
     8d4:	fef42623          	sw	a5,-20(s0)
#     *ptr = *(ptr + 1);
     8d8:	fd9ff06f          	j	8b0 <remove_object_from_list_by_index+0x24>
#       return;
     8dc:	00000013          	nop
#   }
# }
     8e0:	02c12403          	lw	s0,44(sp)
     8e4:	03010113          	add	sp,sp,48
     8e8:	00008067          	ret

000008ec <add_object_to_list>:
# 
# bool add_object_to_list(object_id list[], unsigned list_len, object_id oid) {
     8ec:	fd010113          	add	sp,sp,-48
     8f0:	02112623          	sw	ra,44(sp)
     8f4:	02812423          	sw	s0,40(sp)
     8f8:	03010413          	add	s0,sp,48
     8fc:	fca42e23          	sw	a0,-36(s0)
     900:	fcb42c23          	sw	a1,-40(s0)
     904:	00060793          	mv	a5,a2
     908:	fcf40ba3          	sb	a5,-41(s0)
#   // list_len - 1 since last element has to be 0
#   for (unsigned i = 0; i < list_len - 1; i++) {
     90c:	fe042623          	sw	zero,-20(s0)
     910:	0580006f          	j	968 <add_object_to_list+0x7c>
#     if (list[i])
     914:	fdc42703          	lw	a4,-36(s0)
     918:	fec42783          	lw	a5,-20(s0)
     91c:	00f707b3          	add	a5,a4,a5
     920:	0007c783          	lbu	a5,0(a5)
     924:	02079a63          	bnez	a5,958 <add_object_to_list+0x6c>
#       continue;
#     list[i] = oid;
     928:	fdc42703          	lw	a4,-36(s0)
     92c:	fec42783          	lw	a5,-20(s0)
     930:	00f707b3          	add	a5,a4,a5
     934:	fd744703          	lbu	a4,-41(s0)
     938:	00e78023          	sb	a4,0(a5)
#     list[i + 1] = 0;
     93c:	fec42783          	lw	a5,-20(s0)
     940:	00178793          	add	a5,a5,1
     944:	fdc42703          	lw	a4,-36(s0)
     948:	00f707b3          	add	a5,a4,a5
     94c:	00078023          	sb	zero,0(a5)
#     return TRUE;
     950:	00100793          	li	a5,1
     954:	0380006f          	j	98c <add_object_to_list+0xa0>
#       continue;
     958:	00000013          	nop
#   for (unsigned i = 0; i < list_len - 1; i++) {
     95c:	fec42783          	lw	a5,-20(s0)
     960:	00178793          	add	a5,a5,1
     964:	fef42623          	sw	a5,-20(s0)
     968:	fd842783          	lw	a5,-40(s0)
     96c:	fff78793          	add	a5,a5,-1
     970:	fec42703          	lw	a4,-20(s0)
     974:	faf760e3          	bltu	a4,a5,914 <add_object_to_list+0x28>
#   }
#   uart_send_str("space full\r\n");
     978:	000017b7          	lui	a5,0x1
     97c:	6f078513          	add	a0,a5,1776 # 16f0 <uart_read_char+0x1d4>
     980:	00001097          	auipc	ra,0x1
     984:	a20080e7          	jalr	-1504(ra) # 13a0 <uart_send_str>
#   return FALSE;
     988:	00000793          	li	a5,0
# }
     98c:	00078513          	mv	a0,a5
     990:	02c12083          	lw	ra,44(sp)
     994:	02812403          	lw	s0,40(sp)
     998:	03010113          	add	sp,sp,48
     99c:	00008067          	ret

000009a0 <add_entity_to_list>:
# 
# bool add_entity_to_list(entity_id list[], unsigned list_len, entity_id eid) {
     9a0:	fd010113          	add	sp,sp,-48
     9a4:	02112623          	sw	ra,44(sp)
     9a8:	02812423          	sw	s0,40(sp)
     9ac:	03010413          	add	s0,sp,48
     9b0:	fca42e23          	sw	a0,-36(s0)
     9b4:	fcb42c23          	sw	a1,-40(s0)
     9b8:	00060793          	mv	a5,a2
     9bc:	fcf40ba3          	sb	a5,-41(s0)
#   // list_len - 1 since last element has to be 0
#   for (unsigned i = 0; i < list_len - 1; i++) {
     9c0:	fe042623          	sw	zero,-20(s0)
     9c4:	0580006f          	j	a1c <add_entity_to_list+0x7c>
#     if (list[i])
     9c8:	fdc42703          	lw	a4,-36(s0)
     9cc:	fec42783          	lw	a5,-20(s0)
     9d0:	00f707b3          	add	a5,a4,a5
     9d4:	0007c783          	lbu	a5,0(a5)
     9d8:	02079a63          	bnez	a5,a0c <add_entity_to_list+0x6c>
#       continue;
#     list[i] = eid;
     9dc:	fdc42703          	lw	a4,-36(s0)
     9e0:	fec42783          	lw	a5,-20(s0)
     9e4:	00f707b3          	add	a5,a4,a5
     9e8:	fd744703          	lbu	a4,-41(s0)
     9ec:	00e78023          	sb	a4,0(a5)
#     list[i + 1] = 0;
     9f0:	fec42783          	lw	a5,-20(s0)
     9f4:	00178793          	add	a5,a5,1
     9f8:	fdc42703          	lw	a4,-36(s0)
     9fc:	00f707b3          	add	a5,a4,a5
     a00:	00078023          	sb	zero,0(a5)
#     return TRUE;
     a04:	00100793          	li	a5,1
     a08:	0380006f          	j	a40 <add_entity_to_list+0xa0>
#       continue;
     a0c:	00000013          	nop
#   for (unsigned i = 0; i < list_len - 1; i++) {
     a10:	fec42783          	lw	a5,-20(s0)
     a14:	00178793          	add	a5,a5,1
     a18:	fef42623          	sw	a5,-20(s0)
     a1c:	fd842783          	lw	a5,-40(s0)
     a20:	fff78793          	add	a5,a5,-1
     a24:	fec42703          	lw	a4,-20(s0)
     a28:	faf760e3          	bltu	a4,a5,9c8 <add_entity_to_list+0x28>
#   }
#   uart_send_str("location full\r\n");
     a2c:	000017b7          	lui	a5,0x1
     a30:	70078513          	add	a0,a5,1792 # 1700 <uart_read_char+0x1e4>
     a34:	00001097          	auipc	ra,0x1
     a38:	96c080e7          	jalr	-1684(ra) # 13a0 <uart_send_str>
#   return FALSE;
     a3c:	00000793          	li	a5,0
# }
     a40:	00078513          	mv	a0,a5
     a44:	02c12083          	lw	ra,44(sp)
     a48:	02812403          	lw	s0,40(sp)
     a4c:	03010113          	add	sp,sp,48
     a50:	00008067          	ret

00000a54 <remove_entity_from_list>:
# 
# void remove_entity_from_list(entity_id list[], unsigned list_len,
#                              entity_id eid) {
     a54:	fd010113          	add	sp,sp,-48
     a58:	02112623          	sw	ra,44(sp)
     a5c:	02812423          	sw	s0,40(sp)
     a60:	03010413          	add	s0,sp,48
     a64:	fca42e23          	sw	a0,-36(s0)
     a68:	fcb42c23          	sw	a1,-40(s0)
     a6c:	00060793          	mv	a5,a2
     a70:	fcf40ba3          	sb	a5,-41(s0)
#   // list_len - 1 since last element has to be 0
#   for (unsigned i = 0; i < list_len - 1; i++) {
     a74:	fe042623          	sw	zero,-20(s0)
     a78:	0900006f          	j	b08 <remove_entity_from_list+0xb4>
#     if (list[i] != eid)
     a7c:	fdc42703          	lw	a4,-36(s0)
     a80:	fec42783          	lw	a5,-20(s0)
     a84:	00f707b3          	add	a5,a4,a5
     a88:	0007c783          	lbu	a5,0(a5)
     a8c:	fd744703          	lbu	a4,-41(s0)
     a90:	06f71463          	bne	a4,a5,af8 <remove_entity_from_list+0xa4>
#       continue;
#     // list_len - 1 since last element has to be 0
#     for (unsigned j = i; j < list_len - 1; j++) {
     a94:	fec42783          	lw	a5,-20(s0)
     a98:	fef42423          	sw	a5,-24(s0)
     a9c:	0480006f          	j	ae4 <remove_entity_from_list+0x90>
#       list[j] = list[j + 1];
     aa0:	fe842783          	lw	a5,-24(s0)
     aa4:	00178793          	add	a5,a5,1
     aa8:	fdc42703          	lw	a4,-36(s0)
     aac:	00f70733          	add	a4,a4,a5
     ab0:	fdc42683          	lw	a3,-36(s0)
     ab4:	fe842783          	lw	a5,-24(s0)
     ab8:	00f687b3          	add	a5,a3,a5
     abc:	00074703          	lbu	a4,0(a4)
     ac0:	00e78023          	sb	a4,0(a5)
#       if (!list[j])
     ac4:	fdc42703          	lw	a4,-36(s0)
     ac8:	fe842783          	lw	a5,-24(s0)
     acc:	00f707b3          	add	a5,a4,a5
     ad0:	0007c783          	lbu	a5,0(a5)
     ad4:	04078c63          	beqz	a5,b2c <remove_entity_from_list+0xd8>
#     for (unsigned j = i; j < list_len - 1; j++) {
     ad8:	fe842783          	lw	a5,-24(s0)
     adc:	00178793          	add	a5,a5,1
     ae0:	fef42423          	sw	a5,-24(s0)
     ae4:	fd842783          	lw	a5,-40(s0)
     ae8:	fff78793          	add	a5,a5,-1
     aec:	fe842703          	lw	a4,-24(s0)
     af0:	faf768e3          	bltu	a4,a5,aa0 <remove_entity_from_list+0x4c>
     af4:	0080006f          	j	afc <remove_entity_from_list+0xa8>
#       continue;
     af8:	00000013          	nop
#   for (unsigned i = 0; i < list_len - 1; i++) {
     afc:	fec42783          	lw	a5,-20(s0)
     b00:	00178793          	add	a5,a5,1
     b04:	fef42623          	sw	a5,-20(s0)
     b08:	fd842783          	lw	a5,-40(s0)
     b0c:	fff78793          	add	a5,a5,-1
     b10:	fec42703          	lw	a4,-20(s0)
     b14:	f6f764e3          	bltu	a4,a5,a7c <remove_entity_from_list+0x28>
#         return;
#     }
#   }
#   uart_send_str("entity not here\r\n");
     b18:	000017b7          	lui	a5,0x1
     b1c:	71078513          	add	a0,a5,1808 # 1710 <uart_read_char+0x1f4>
     b20:	00001097          	auipc	ra,0x1
     b24:	880080e7          	jalr	-1920(ra) # 13a0 <uart_send_str>
     b28:	0080006f          	j	b30 <remove_entity_from_list+0xdc>
#         return;
     b2c:	00000013          	nop
# }
     b30:	02c12083          	lw	ra,44(sp)
     b34:	02812403          	lw	s0,40(sp)
     b38:	03010113          	add	sp,sp,48
     b3c:	00008067          	ret

00000b40 <remove_entity_from_list_by_index>:
# 
# void remove_entity_from_list_by_index(entity_id list[], unsigned ix) {
     b40:	fd010113          	add	sp,sp,-48
     b44:	02812623          	sw	s0,44(sp)
     b48:	03010413          	add	s0,sp,48
     b4c:	fca42e23          	sw	a0,-36(s0)
     b50:	fcb42c23          	sw	a1,-40(s0)
#   entity_id *ptr = &list[ix];
     b54:	fdc42703          	lw	a4,-36(s0)
     b58:	fd842783          	lw	a5,-40(s0)
     b5c:	00f707b3          	add	a5,a4,a5
     b60:	fef42623          	sw	a5,-20(s0)
#   while (1) {
#     *ptr = *(ptr + 1);
     b64:	fec42783          	lw	a5,-20(s0)
     b68:	0017c703          	lbu	a4,1(a5)
     b6c:	fec42783          	lw	a5,-20(s0)
     b70:	00e78023          	sb	a4,0(a5)
#     if (!*ptr)
     b74:	fec42783          	lw	a5,-20(s0)
     b78:	0007c783          	lbu	a5,0(a5)
     b7c:	00078a63          	beqz	a5,b90 <remove_entity_from_list_by_index+0x50>
#       return;
#     ptr++;
     b80:	fec42783          	lw	a5,-20(s0)
     b84:	00178793          	add	a5,a5,1
     b88:	fef42623          	sw	a5,-20(s0)
#     *ptr = *(ptr + 1);
     b8c:	fd9ff06f          	j	b64 <remove_entity_from_list_by_index+0x24>
#       return;
     b90:	00000013          	nop
#   }
# }
     b94:	02c12403          	lw	s0,44(sp)
     b98:	03010113          	add	sp,sp,48
     b9c:	00008067          	ret

00000ba0 <action_take>:
# 
# void action_take(entity_id eid, name obj) {
     ba0:	fd010113          	add	sp,sp,-48
     ba4:	02112623          	sw	ra,44(sp)
     ba8:	02812423          	sw	s0,40(sp)
     bac:	03010413          	add	s0,sp,48
     bb0:	00050793          	mv	a5,a0
     bb4:	fcb42c23          	sw	a1,-40(s0)
     bb8:	fcf40fa3          	sb	a5,-33(s0)
#   entity *ent = &entities[eid];
     bbc:	fdf44703          	lbu	a4,-33(s0)
     bc0:	00070793          	mv	a5,a4
     bc4:	00279793          	sll	a5,a5,0x2
     bc8:	00e787b3          	add	a5,a5,a4
     bcc:	00379793          	sll	a5,a5,0x3
     bd0:	00003737          	lui	a4,0x3
     bd4:	87870713          	add	a4,a4,-1928 # 2878 <entities>
     bd8:	00e787b3          	add	a5,a5,a4
     bdc:	fef42423          	sw	a5,-24(s0)
#   object_id *lso = locations[ent->location].objects;
     be0:	fe842783          	lw	a5,-24(s0)
     be4:	0047c783          	lbu	a5,4(a5)
     be8:	00078713          	mv	a4,a5
     bec:	00070793          	mv	a5,a4
     bf0:	00379793          	sll	a5,a5,0x3
     bf4:	00e787b3          	add	a5,a5,a4
     bf8:	00279793          	sll	a5,a5,0x2
     bfc:	00e787b3          	add	a5,a5,a4
     c00:	00279793          	sll	a5,a5,0x2
     c04:	00003737          	lui	a4,0x3
     c08:	8f070713          	add	a4,a4,-1808 # 28f0 <locations>
     c0c:	00e787b3          	add	a5,a5,a4
     c10:	00478793          	add	a5,a5,4
     c14:	fef42223          	sw	a5,-28(s0)
#   for (unsigned i = 0; i < LOCATION_MAX_OBJECTS; i++) {
     c18:	fe042623          	sw	zero,-20(s0)
     c1c:	09c0006f          	j	cb8 <action_take+0x118>
#     const object_id oid = lso[i];
     c20:	fe442703          	lw	a4,-28(s0)
     c24:	fec42783          	lw	a5,-20(s0)
     c28:	00f707b3          	add	a5,a4,a5
     c2c:	0007c783          	lbu	a5,0(a5)
     c30:	fef401a3          	sb	a5,-29(s0)
#     if (!oid)
     c34:	fe344783          	lbu	a5,-29(s0)
     c38:	08078863          	beqz	a5,cc8 <action_take+0x128>
#       break;
#     if (!strings_equal(objects[oid].name, obj))
     c3c:	fe344783          	lbu	a5,-29(s0)
     c40:	00003737          	lui	a4,0x3
     c44:	86870713          	add	a4,a4,-1944 # 2868 <objects>
     c48:	00279793          	sll	a5,a5,0x2
     c4c:	00f707b3          	add	a5,a4,a5
     c50:	0007a783          	lw	a5,0(a5)
     c54:	fd842583          	lw	a1,-40(s0)
     c58:	00078513          	mv	a0,a5
     c5c:	00000097          	auipc	ra,0x0
     c60:	6c8080e7          	jalr	1736(ra) # 1324 <strings_equal>
     c64:	00050793          	mv	a5,a0
     c68:	04078063          	beqz	a5,ca8 <action_take+0x108>
#       continue;
#     if (add_object_to_list(ent->objects, ENTITY_MAX_OBJECTS, oid)) {
     c6c:	fe842783          	lw	a5,-24(s0)
     c70:	00578793          	add	a5,a5,5
     c74:	fe344703          	lbu	a4,-29(s0)
     c78:	00070613          	mv	a2,a4
     c7c:	02000593          	li	a1,32
     c80:	00078513          	mv	a0,a5
     c84:	00000097          	auipc	ra,0x0
     c88:	c68080e7          	jalr	-920(ra) # 8ec <add_object_to_list>
     c8c:	00050793          	mv	a5,a0
     c90:	04078e63          	beqz	a5,cec <action_take+0x14c>
#       remove_object_from_list_by_index(lso, i);
     c94:	fec42583          	lw	a1,-20(s0)
     c98:	fe442503          	lw	a0,-28(s0)
     c9c:	00000097          	auipc	ra,0x0
     ca0:	bf0080e7          	jalr	-1040(ra) # 88c <remove_object_from_list_by_index>
#     }
#     return;
     ca4:	0480006f          	j	cec <action_take+0x14c>
#       continue;
     ca8:	00000013          	nop
#   for (unsigned i = 0; i < LOCATION_MAX_OBJECTS; i++) {
     cac:	fec42783          	lw	a5,-20(s0)
     cb0:	00178793          	add	a5,a5,1
     cb4:	fef42623          	sw	a5,-20(s0)
     cb8:	fec42703          	lw	a4,-20(s0)
     cbc:	07f00793          	li	a5,127
     cc0:	f6e7f0e3          	bgeu	a5,a4,c20 <action_take+0x80>
     cc4:	0080006f          	j	ccc <action_take+0x12c>
#       break;
     cc8:	00000013          	nop
#   }
#   uart_send_str(obj);
     ccc:	fd842503          	lw	a0,-40(s0)
     cd0:	00000097          	auipc	ra,0x0
     cd4:	6d0080e7          	jalr	1744(ra) # 13a0 <uart_send_str>
#   uart_send_str(" not here\r\n\r\n");
     cd8:	000017b7          	lui	a5,0x1
     cdc:	72478513          	add	a0,a5,1828 # 1724 <uart_read_char+0x208>
     ce0:	00000097          	auipc	ra,0x0
     ce4:	6c0080e7          	jalr	1728(ra) # 13a0 <uart_send_str>
     ce8:	0080006f          	j	cf0 <action_take+0x150>
#     return;
     cec:	00000013          	nop
# }
     cf0:	02c12083          	lw	ra,44(sp)
     cf4:	02812403          	lw	s0,40(sp)
     cf8:	03010113          	add	sp,sp,48
     cfc:	00008067          	ret

00000d00 <action_drop>:
# 
# void action_drop(entity_id eid, name obj) {
     d00:	fd010113          	add	sp,sp,-48
     d04:	02112623          	sw	ra,44(sp)
     d08:	02812423          	sw	s0,40(sp)
     d0c:	03010413          	add	s0,sp,48
     d10:	00050793          	mv	a5,a0
     d14:	fcb42c23          	sw	a1,-40(s0)
     d18:	fcf40fa3          	sb	a5,-33(s0)
#   entity *ent = &entities[eid];
     d1c:	fdf44703          	lbu	a4,-33(s0)
     d20:	00070793          	mv	a5,a4
     d24:	00279793          	sll	a5,a5,0x2
     d28:	00e787b3          	add	a5,a5,a4
     d2c:	00379793          	sll	a5,a5,0x3
     d30:	00003737          	lui	a4,0x3
     d34:	87870713          	add	a4,a4,-1928 # 2878 <entities>
     d38:	00e787b3          	add	a5,a5,a4
     d3c:	fef42423          	sw	a5,-24(s0)
#   object_id *lso = ent->objects;
     d40:	fe842783          	lw	a5,-24(s0)
     d44:	00578793          	add	a5,a5,5
     d48:	fef42223          	sw	a5,-28(s0)
#   for (unsigned i = 0; i < ENTITY_MAX_OBJECTS; i++) {
     d4c:	fe042623          	sw	zero,-20(s0)
     d50:	0c80006f          	j	e18 <action_drop+0x118>
#     const object_id oid = lso[i];
     d54:	fe442703          	lw	a4,-28(s0)
     d58:	fec42783          	lw	a5,-20(s0)
     d5c:	00f707b3          	add	a5,a4,a5
     d60:	0007c783          	lbu	a5,0(a5)
     d64:	fef401a3          	sb	a5,-29(s0)
#     if (!oid)
     d68:	fe344783          	lbu	a5,-29(s0)
     d6c:	0a078e63          	beqz	a5,e28 <action_drop+0x128>
#       break;
#     if (!strings_equal(objects[oid].name, obj))
     d70:	fe344783          	lbu	a5,-29(s0)
     d74:	00003737          	lui	a4,0x3
     d78:	86870713          	add	a4,a4,-1944 # 2868 <objects>
     d7c:	00279793          	sll	a5,a5,0x2
     d80:	00f707b3          	add	a5,a4,a5
     d84:	0007a783          	lw	a5,0(a5)
     d88:	fd842583          	lw	a1,-40(s0)
     d8c:	00078513          	mv	a0,a5
     d90:	00000097          	auipc	ra,0x0
     d94:	594080e7          	jalr	1428(ra) # 1324 <strings_equal>
     d98:	00050793          	mv	a5,a0
     d9c:	06078663          	beqz	a5,e08 <action_drop+0x108>
#       continue;
#     if (add_object_to_list(locations[ent->location].objects,
     da0:	fe842783          	lw	a5,-24(s0)
     da4:	0047c783          	lbu	a5,4(a5)
     da8:	00078713          	mv	a4,a5
     dac:	00070793          	mv	a5,a4
     db0:	00379793          	sll	a5,a5,0x3
     db4:	00e787b3          	add	a5,a5,a4
     db8:	00279793          	sll	a5,a5,0x2
     dbc:	00e787b3          	add	a5,a5,a4
     dc0:	00279793          	sll	a5,a5,0x2
     dc4:	00003737          	lui	a4,0x3
     dc8:	8f070713          	add	a4,a4,-1808 # 28f0 <locations>
     dcc:	00e787b3          	add	a5,a5,a4
     dd0:	00478793          	add	a5,a5,4
     dd4:	fe344703          	lbu	a4,-29(s0)
     dd8:	00070613          	mv	a2,a4
     ddc:	08000593          	li	a1,128
     de0:	00078513          	mv	a0,a5
     de4:	00000097          	auipc	ra,0x0
     de8:	b08080e7          	jalr	-1272(ra) # 8ec <add_object_to_list>
     dec:	00050793          	mv	a5,a0
     df0:	06078663          	beqz	a5,e5c <action_drop+0x15c>
#                            LOCATION_MAX_OBJECTS, oid)) {
#       remove_object_from_list_by_index(lso, i);
     df4:	fec42583          	lw	a1,-20(s0)
     df8:	fe442503          	lw	a0,-28(s0)
     dfc:	00000097          	auipc	ra,0x0
     e00:	a90080e7          	jalr	-1392(ra) # 88c <remove_object_from_list_by_index>
#     }
#     return;
     e04:	0580006f          	j	e5c <action_drop+0x15c>
#       continue;
     e08:	00000013          	nop
#   for (unsigned i = 0; i < ENTITY_MAX_OBJECTS; i++) {
     e0c:	fec42783          	lw	a5,-20(s0)
     e10:	00178793          	add	a5,a5,1
     e14:	fef42623          	sw	a5,-20(s0)
     e18:	fec42703          	lw	a4,-20(s0)
     e1c:	01f00793          	li	a5,31
     e20:	f2e7fae3          	bgeu	a5,a4,d54 <action_drop+0x54>
     e24:	0080006f          	j	e2c <action_drop+0x12c>
#       break;
     e28:	00000013          	nop
#   }
#   uart_send_str("u don't have ");
     e2c:	000017b7          	lui	a5,0x1
     e30:	73478513          	add	a0,a5,1844 # 1734 <uart_read_char+0x218>
     e34:	00000097          	auipc	ra,0x0
     e38:	56c080e7          	jalr	1388(ra) # 13a0 <uart_send_str>
#   uart_send_str(obj);
     e3c:	fd842503          	lw	a0,-40(s0)
     e40:	00000097          	auipc	ra,0x0
     e44:	560080e7          	jalr	1376(ra) # 13a0 <uart_send_str>
#   uart_send_str("\r\n\r\n");
     e48:	000017b7          	lui	a5,0x1
     e4c:	74478513          	add	a0,a5,1860 # 1744 <uart_read_char+0x228>
     e50:	00000097          	auipc	ra,0x0
     e54:	550080e7          	jalr	1360(ra) # 13a0 <uart_send_str>
     e58:	0080006f          	j	e60 <action_drop+0x160>
#     return;
     e5c:	00000013          	nop
# }
     e60:	02c12083          	lw	ra,44(sp)
     e64:	02812403          	lw	s0,40(sp)
     e68:	03010113          	add	sp,sp,48
     e6c:	00008067          	ret

00000e70 <action_go>:
# 
# void action_go(entity_id eid, direction dir) {
     e70:	fd010113          	add	sp,sp,-48
     e74:	02112623          	sw	ra,44(sp)
     e78:	02812423          	sw	s0,40(sp)
     e7c:	03010413          	add	s0,sp,48
     e80:	00050793          	mv	a5,a0
     e84:	00058713          	mv	a4,a1
     e88:	fcf40fa3          	sb	a5,-33(s0)
     e8c:	00070793          	mv	a5,a4
     e90:	fcf40f23          	sb	a5,-34(s0)
#   entity *ent = &entities[eid];
     e94:	fdf44703          	lbu	a4,-33(s0)
     e98:	00070793          	mv	a5,a4
     e9c:	00279793          	sll	a5,a5,0x2
     ea0:	00e787b3          	add	a5,a5,a4
     ea4:	00379793          	sll	a5,a5,0x3
     ea8:	00003737          	lui	a4,0x3
     eac:	87870713          	add	a4,a4,-1928 # 2878 <entities>
     eb0:	00e787b3          	add	a5,a5,a4
     eb4:	fef42623          	sw	a5,-20(s0)
#   location *loc = &locations[ent->location];
     eb8:	fec42783          	lw	a5,-20(s0)
     ebc:	0047c783          	lbu	a5,4(a5)
     ec0:	00078713          	mv	a4,a5
     ec4:	00070793          	mv	a5,a4
     ec8:	00379793          	sll	a5,a5,0x3
     ecc:	00e787b3          	add	a5,a5,a4
     ed0:	00279793          	sll	a5,a5,0x2
     ed4:	00e787b3          	add	a5,a5,a4
     ed8:	00279793          	sll	a5,a5,0x2
     edc:	00003737          	lui	a4,0x3
     ee0:	8f070713          	add	a4,a4,-1808 # 28f0 <locations>
     ee4:	00e787b3          	add	a5,a5,a4
     ee8:	fef42423          	sw	a5,-24(s0)
#   const location_id to = loc->exits[dir];
     eec:	fde44783          	lbu	a5,-34(s0)
     ef0:	fe842703          	lw	a4,-24(s0)
     ef4:	00f707b3          	add	a5,a4,a5
     ef8:	08c7c783          	lbu	a5,140(a5)
     efc:	fef403a3          	sb	a5,-25(s0)
#   if (!to) {
     f00:	fe744783          	lbu	a5,-25(s0)
     f04:	00079c63          	bnez	a5,f1c <action_go+0xac>
#     uart_send_str("cannot go there\r\n\r\n");
     f08:	000017b7          	lui	a5,0x1
     f0c:	74c78513          	add	a0,a5,1868 # 174c <uart_read_char+0x230>
     f10:	00000097          	auipc	ra,0x0
     f14:	490080e7          	jalr	1168(ra) # 13a0 <uart_send_str>
#     return;
     f18:	0800006f          	j	f98 <action_go+0x128>
#   }
#   if (add_entity_to_list(locations[to].entities, LOCATION_MAX_ENTITIES, eid)) {
     f1c:	fe744703          	lbu	a4,-25(s0)
     f20:	00070793          	mv	a5,a4
     f24:	00379793          	sll	a5,a5,0x3
     f28:	00e787b3          	add	a5,a5,a4
     f2c:	00279793          	sll	a5,a5,0x2
     f30:	00e787b3          	add	a5,a5,a4
     f34:	00279793          	sll	a5,a5,0x2
     f38:	08078713          	add	a4,a5,128
     f3c:	000037b7          	lui	a5,0x3
     f40:	8f078793          	add	a5,a5,-1808 # 28f0 <locations>
     f44:	00f707b3          	add	a5,a4,a5
     f48:	00478793          	add	a5,a5,4
     f4c:	fdf44703          	lbu	a4,-33(s0)
     f50:	00070613          	mv	a2,a4
     f54:	00800593          	li	a1,8
     f58:	00078513          	mv	a0,a5
     f5c:	00000097          	auipc	ra,0x0
     f60:	a44080e7          	jalr	-1468(ra) # 9a0 <add_entity_to_list>
     f64:	00050793          	mv	a5,a0
     f68:	02078863          	beqz	a5,f98 <action_go+0x128>
#     remove_entity_from_list(loc->entities, LOCATION_MAX_ENTITIES, eid);
     f6c:	fe842783          	lw	a5,-24(s0)
     f70:	08478793          	add	a5,a5,132
     f74:	fdf44703          	lbu	a4,-33(s0)
     f78:	00070613          	mv	a2,a4
     f7c:	00800593          	li	a1,8
     f80:	00078513          	mv	a0,a5
     f84:	00000097          	auipc	ra,0x0
     f88:	ad0080e7          	jalr	-1328(ra) # a54 <remove_entity_from_list>
#     ent->location = to;
     f8c:	fec42783          	lw	a5,-20(s0)
     f90:	fe744703          	lbu	a4,-25(s0)
     f94:	00e78223          	sb	a4,4(a5)
#   }
# }
     f98:	02c12083          	lw	ra,44(sp)
     f9c:	02812403          	lw	s0,40(sp)
     fa0:	03010113          	add	sp,sp,48
     fa4:	00008067          	ret

00000fa8 <action_give>:
# 
# void action_give(entity_id eid, name obj, name to_ent) {
     fa8:	fc010113          	add	sp,sp,-64
     fac:	02112e23          	sw	ra,60(sp)
     fb0:	02812c23          	sw	s0,56(sp)
     fb4:	04010413          	add	s0,sp,64
     fb8:	00050793          	mv	a5,a0
     fbc:	fcb42423          	sw	a1,-56(s0)
     fc0:	fcc42223          	sw	a2,-60(s0)
     fc4:	fcf407a3          	sb	a5,-49(s0)
#   entity *ent = &entities[eid];
     fc8:	fcf44703          	lbu	a4,-49(s0)
     fcc:	00070793          	mv	a5,a4
     fd0:	00279793          	sll	a5,a5,0x2
     fd4:	00e787b3          	add	a5,a5,a4
     fd8:	00379793          	sll	a5,a5,0x3
     fdc:	00003737          	lui	a4,0x3
     fe0:	87870713          	add	a4,a4,-1928 # 2878 <entities>
     fe4:	00e787b3          	add	a5,a5,a4
     fe8:	fef42223          	sw	a5,-28(s0)
#   const location *loc = &locations[ent->location];
     fec:	fe442783          	lw	a5,-28(s0)
     ff0:	0047c783          	lbu	a5,4(a5)
     ff4:	00078713          	mv	a4,a5
     ff8:	00070793          	mv	a5,a4
     ffc:	00379793          	sll	a5,a5,0x3
    1000:	00e787b3          	add	a5,a5,a4
    1004:	00279793          	sll	a5,a5,0x2
    1008:	00e787b3          	add	a5,a5,a4
    100c:	00279793          	sll	a5,a5,0x2
    1010:	00003737          	lui	a4,0x3
    1014:	8f070713          	add	a4,a4,-1808 # 28f0 <locations>
    1018:	00e787b3          	add	a5,a5,a4
    101c:	fef42023          	sw	a5,-32(s0)
#   const entity_id *lse = loc->entities;
    1020:	fe042783          	lw	a5,-32(s0)
    1024:	08478793          	add	a5,a5,132
    1028:	fcf42e23          	sw	a5,-36(s0)
#   for (unsigned i = 0; i < LOCATION_MAX_ENTITIES; i++) {
    102c:	fe042623          	sw	zero,-20(s0)
    1030:	15c0006f          	j	118c <action_give+0x1e4>
#     if (!lse[i])
    1034:	fdc42703          	lw	a4,-36(s0)
    1038:	fec42783          	lw	a5,-20(s0)
    103c:	00f707b3          	add	a5,a4,a5
    1040:	0007c783          	lbu	a5,0(a5)
    1044:	14078c63          	beqz	a5,119c <action_give+0x1f4>
#       break;
#     entity *to = &entities[lse[i]];
    1048:	fdc42703          	lw	a4,-36(s0)
    104c:	fec42783          	lw	a5,-20(s0)
    1050:	00f707b3          	add	a5,a4,a5
    1054:	0007c783          	lbu	a5,0(a5)
    1058:	00078713          	mv	a4,a5
    105c:	00070793          	mv	a5,a4
    1060:	00279793          	sll	a5,a5,0x2
    1064:	00e787b3          	add	a5,a5,a4
    1068:	00379793          	sll	a5,a5,0x3
    106c:	00003737          	lui	a4,0x3
    1070:	87870713          	add	a4,a4,-1928 # 2878 <entities>
    1074:	00e787b3          	add	a5,a5,a4
    1078:	fcf42c23          	sw	a5,-40(s0)
#     if (!strings_equal(to->name, to_ent))
    107c:	fd842783          	lw	a5,-40(s0)
    1080:	0007a783          	lw	a5,0(a5)
    1084:	fc442583          	lw	a1,-60(s0)
    1088:	00078513          	mv	a0,a5
    108c:	00000097          	auipc	ra,0x0
    1090:	298080e7          	jalr	664(ra) # 1324 <strings_equal>
    1094:	00050793          	mv	a5,a0
    1098:	0e078263          	beqz	a5,117c <action_give+0x1d4>
#       continue;
#     object_id *lso = ent->objects;
    109c:	fe442783          	lw	a5,-28(s0)
    10a0:	00578793          	add	a5,a5,5
    10a4:	fcf42a23          	sw	a5,-44(s0)
#     for (unsigned j = 0; j < ENTITY_MAX_OBJECTS; j++) {
    10a8:	fe042423          	sw	zero,-24(s0)
    10ac:	09c0006f          	j	1148 <action_give+0x1a0>
#       const object_id oid = lso[j];
    10b0:	fd442703          	lw	a4,-44(s0)
    10b4:	fe842783          	lw	a5,-24(s0)
    10b8:	00f707b3          	add	a5,a4,a5
    10bc:	0007c783          	lbu	a5,0(a5)
    10c0:	fcf409a3          	sb	a5,-45(s0)
#       if (!oid)
    10c4:	fd344783          	lbu	a5,-45(s0)
    10c8:	08078863          	beqz	a5,1158 <action_give+0x1b0>
#         break;
#       if (!strings_equal(objects[oid].name, obj))
    10cc:	fd344783          	lbu	a5,-45(s0)
    10d0:	00003737          	lui	a4,0x3
    10d4:	86870713          	add	a4,a4,-1944 # 2868 <objects>
    10d8:	00279793          	sll	a5,a5,0x2
    10dc:	00f707b3          	add	a5,a4,a5
    10e0:	0007a783          	lw	a5,0(a5)
    10e4:	fc842583          	lw	a1,-56(s0)
    10e8:	00078513          	mv	a0,a5
    10ec:	00000097          	auipc	ra,0x0
    10f0:	238080e7          	jalr	568(ra) # 1324 <strings_equal>
    10f4:	00050793          	mv	a5,a0
    10f8:	04078063          	beqz	a5,1138 <action_give+0x190>
#         continue;
#       if (add_object_to_list(to->objects, ENTITY_MAX_OBJECTS, oid)) {
    10fc:	fd842783          	lw	a5,-40(s0)
    1100:	00578793          	add	a5,a5,5
    1104:	fd344703          	lbu	a4,-45(s0)
    1108:	00070613          	mv	a2,a4
    110c:	02000593          	li	a1,32
    1110:	00078513          	mv	a0,a5
    1114:	fffff097          	auipc	ra,0xfffff
    1118:	7d8080e7          	jalr	2008(ra) # 8ec <add_object_to_list>
    111c:	00050793          	mv	a5,a0
    1120:	0a078063          	beqz	a5,11c0 <action_give+0x218>
#         remove_object_from_list_by_index(lso, j);
    1124:	fe842583          	lw	a1,-24(s0)
    1128:	fd442503          	lw	a0,-44(s0)
    112c:	fffff097          	auipc	ra,0xfffff
    1130:	760080e7          	jalr	1888(ra) # 88c <remove_object_from_list_by_index>
#       }
#       return;
    1134:	08c0006f          	j	11c0 <action_give+0x218>
#         continue;
    1138:	00000013          	nop
#     for (unsigned j = 0; j < ENTITY_MAX_OBJECTS; j++) {
    113c:	fe842783          	lw	a5,-24(s0)
    1140:	00178793          	add	a5,a5,1
    1144:	fef42423          	sw	a5,-24(s0)
    1148:	fe842703          	lw	a4,-24(s0)
    114c:	01f00793          	li	a5,31
    1150:	f6e7f0e3          	bgeu	a5,a4,10b0 <action_give+0x108>
    1154:	0080006f          	j	115c <action_give+0x1b4>
#         break;
    1158:	00000013          	nop
#     }
#     uart_send_str(obj);
    115c:	fc842503          	lw	a0,-56(s0)
    1160:	00000097          	auipc	ra,0x0
    1164:	240080e7          	jalr	576(ra) # 13a0 <uart_send_str>
#     uart_send_str(" not in inventory\r\n\r\n");
    1168:	000017b7          	lui	a5,0x1
    116c:	76078513          	add	a0,a5,1888 # 1760 <uart_read_char+0x244>
    1170:	00000097          	auipc	ra,0x0
    1174:	230080e7          	jalr	560(ra) # 13a0 <uart_send_str>
#     return;
    1178:	04c0006f          	j	11c4 <action_give+0x21c>
#       continue;
    117c:	00000013          	nop
#   for (unsigned i = 0; i < LOCATION_MAX_ENTITIES; i++) {
    1180:	fec42783          	lw	a5,-20(s0)
    1184:	00178793          	add	a5,a5,1
    1188:	fef42623          	sw	a5,-20(s0)
    118c:	fec42703          	lw	a4,-20(s0)
    1190:	00700793          	li	a5,7
    1194:	eae7f0e3          	bgeu	a5,a4,1034 <action_give+0x8c>
    1198:	0080006f          	j	11a0 <action_give+0x1f8>
#       break;
    119c:	00000013          	nop
#   }
#   uart_send_str(to_ent);
    11a0:	fc442503          	lw	a0,-60(s0)
    11a4:	00000097          	auipc	ra,0x0
    11a8:	1fc080e7          	jalr	508(ra) # 13a0 <uart_send_str>
#   uart_send_str(" is not here\r\n\r\n");
    11ac:	000017b7          	lui	a5,0x1
    11b0:	77878513          	add	a0,a5,1912 # 1778 <uart_read_char+0x25c>
    11b4:	00000097          	auipc	ra,0x0
    11b8:	1ec080e7          	jalr	492(ra) # 13a0 <uart_send_str>
    11bc:	0080006f          	j	11c4 <action_give+0x21c>
#       return;
    11c0:	00000013          	nop
# }
    11c4:	03c12083          	lw	ra,60(sp)
    11c8:	03812403          	lw	s0,56(sp)
    11cc:	04010113          	add	sp,sp,64
    11d0:	00008067          	ret

000011d4 <print_help>:
# 
# void print_help() {
    11d4:	ff010113          	add	sp,sp,-16
    11d8:	00112623          	sw	ra,12(sp)
    11dc:	00812423          	sw	s0,8(sp)
    11e0:	01010413          	add	s0,sp,16
#   uart_send_str(
    11e4:	000017b7          	lui	a5,0x1
    11e8:	78c78513          	add	a0,a5,1932 # 178c <uart_read_char+0x270>
    11ec:	00000097          	auipc	ra,0x0
    11f0:	1b4080e7          	jalr	436(ra) # 13a0 <uart_send_str>
#       "\r\ncommand:\r\n  n: go north\r\n  e: go east\r\n  s: go south\r\n  w: "
#       "go west\r\n  i: "
#       "display inventory\r\n  t <object>: take object\r\n  d <object>: drop "
#       "object\r\n  g <object> <entity>: give object to entity\r\n  help: this "
#       "message\r\n\r\n");
# }
    11f4:	00000013          	nop
    11f8:	00c12083          	lw	ra,12(sp)
    11fc:	00812403          	lw	s0,8(sp)
    1200:	01010113          	add	sp,sp,16
    1204:	00008067          	ret

00001208 <input>:
# 
# void input(input_buffer *buf) {
    1208:	fd010113          	add	sp,sp,-48
    120c:	02112623          	sw	ra,44(sp)
    1210:	02812423          	sw	s0,40(sp)
    1214:	03010413          	add	s0,sp,48
    1218:	fca42e23          	sw	a0,-36(s0)
#   while (1) {
#     const char ch = uart_read_char();
    121c:	00000097          	auipc	ra,0x0
    1220:	300080e7          	jalr	768(ra) # 151c <uart_read_char>
    1224:	00050793          	mv	a5,a0
    1228:	fef407a3          	sb	a5,-17(s0)
#     if (ch == CHAR_BACKSPACE) {
    122c:	fef44703          	lbu	a4,-17(s0)
    1230:	07f00793          	li	a5,127
    1234:	02f71e63          	bne	a4,a5,1270 <input+0x68>
#       if (buf->ix > 0) {
    1238:	fdc42783          	lw	a5,-36(s0)
    123c:	0507c783          	lbu	a5,80(a5)
    1240:	0a078a63          	beqz	a5,12f4 <input+0xec>
#         buf->ix--;
    1244:	fdc42783          	lw	a5,-36(s0)
    1248:	0507c783          	lbu	a5,80(a5)
    124c:	fff78793          	add	a5,a5,-1
    1250:	0ff7f713          	zext.b	a4,a5
    1254:	fdc42783          	lw	a5,-36(s0)
    1258:	04e78823          	sb	a4,80(a5)
#         uart_send_char(ch);
    125c:	fef44783          	lbu	a5,-17(s0)
    1260:	00078513          	mv	a0,a5
    1264:	00000097          	auipc	ra,0x0
    1268:	26c080e7          	jalr	620(ra) # 14d0 <uart_send_char>
    126c:	0880006f          	j	12f4 <input+0xec>
#       }
#     } else if (ch == CHAR_CARRIAGE_RETURN ||
    1270:	fef44703          	lbu	a4,-17(s0)
    1274:	00d00793          	li	a5,13
    1278:	00f70a63          	beq	a4,a5,128c <input+0x84>
#                buf->ix ==
    127c:	fdc42783          	lw	a5,-36(s0)
    1280:	0507c703          	lbu	a4,80(a5)
#     } else if (ch == CHAR_CARRIAGE_RETURN ||
    1284:	04f00793          	li	a5,79
    1288:	02f71463          	bne	a4,a5,12b0 <input+0xa8>
#                    sizeof(buf->line) - 1) { // -1 since last char must be 0
#       buf->line[buf->ix] = 0;
    128c:	fdc42783          	lw	a5,-36(s0)
    1290:	0507c783          	lbu	a5,80(a5)
    1294:	00078713          	mv	a4,a5
    1298:	fdc42783          	lw	a5,-36(s0)
    129c:	00e787b3          	add	a5,a5,a4
    12a0:	00078023          	sb	zero,0(a5)
#       buf->ix = 0;
    12a4:	fdc42783          	lw	a5,-36(s0)
    12a8:	04078823          	sb	zero,80(a5)
#       return;
    12ac:	0680006f          	j	1314 <input+0x10c>
#     } else {
#       buf->line[buf->ix] = ch;
    12b0:	fdc42783          	lw	a5,-36(s0)
    12b4:	0507c783          	lbu	a5,80(a5)
    12b8:	00078713          	mv	a4,a5
    12bc:	fdc42783          	lw	a5,-36(s0)
    12c0:	00e787b3          	add	a5,a5,a4
    12c4:	fef44703          	lbu	a4,-17(s0)
    12c8:	00e78023          	sb	a4,0(a5)
#       buf->ix++;
    12cc:	fdc42783          	lw	a5,-36(s0)
    12d0:	0507c783          	lbu	a5,80(a5)
    12d4:	00178793          	add	a5,a5,1
    12d8:	0ff7f713          	zext.b	a4,a5
    12dc:	fdc42783          	lw	a5,-36(s0)
    12e0:	04e78823          	sb	a4,80(a5)
#       uart_send_char(ch);
    12e4:	fef44783          	lbu	a5,-17(s0)
    12e8:	00078513          	mv	a0,a5
    12ec:	00000097          	auipc	ra,0x0
    12f0:	1e4080e7          	jalr	484(ra) # 14d0 <uart_send_char>
#     }
#     *leds = ~buf->ix;
    12f4:	fdc42783          	lw	a5,-36(s0)
    12f8:	0507c703          	lbu	a4,80(a5)
    12fc:	000037b7          	lui	a5,0x3
    1300:	bec7a783          	lw	a5,-1044(a5) # 2bec <leds>
    1304:	fff74713          	not	a4,a4
    1308:	0ff77713          	zext.b	a4,a4
    130c:	00e78023          	sb	a4,0(a5)
#   while (1) {
    1310:	f0dff06f          	j	121c <input+0x14>
#   }
# }
    1314:	02c12083          	lw	ra,44(sp)
    1318:	02812403          	lw	s0,40(sp)
    131c:	03010113          	add	sp,sp,48
    1320:	00008067          	ret

00001324 <strings_equal>:
# 
# bool strings_equal(const char *s1, const char *s2) {
    1324:	fe010113          	add	sp,sp,-32
    1328:	00812e23          	sw	s0,28(sp)
    132c:	02010413          	add	s0,sp,32
    1330:	fea42623          	sw	a0,-20(s0)
    1334:	feb42423          	sw	a1,-24(s0)
#   while (1) {
#     if (*s1 - *s2)
    1338:	fec42783          	lw	a5,-20(s0)
    133c:	0007c703          	lbu	a4,0(a5)
    1340:	fe842783          	lw	a5,-24(s0)
    1344:	0007c783          	lbu	a5,0(a5)
    1348:	00f70663          	beq	a4,a5,1354 <strings_equal+0x30>
#       return FALSE;
    134c:	00000793          	li	a5,0
    1350:	0400006f          	j	1390 <strings_equal+0x6c>
#     if (!*s1 && !*s2)
    1354:	fec42783          	lw	a5,-20(s0)
    1358:	0007c783          	lbu	a5,0(a5)
    135c:	00079c63          	bnez	a5,1374 <strings_equal+0x50>
    1360:	fe842783          	lw	a5,-24(s0)
    1364:	0007c783          	lbu	a5,0(a5)
    1368:	00079663          	bnez	a5,1374 <strings_equal+0x50>
#       return TRUE;
    136c:	00100793          	li	a5,1
    1370:	0200006f          	j	1390 <strings_equal+0x6c>
#     s1++;
    1374:	fec42783          	lw	a5,-20(s0)
    1378:	00178793          	add	a5,a5,1
    137c:	fef42623          	sw	a5,-20(s0)
#     s2++;
    1380:	fe842783          	lw	a5,-24(s0)
    1384:	00178793          	add	a5,a5,1
    1388:	fef42423          	sw	a5,-24(s0)
#     if (*s1 - *s2)
    138c:	fadff06f          	j	1338 <strings_equal+0x14>
#   }
# }
    1390:	00078513          	mv	a0,a5
    1394:	01c12403          	lw	s0,28(sp)
    1398:	02010113          	add	sp,sp,32
    139c:	00008067          	ret

000013a0 <uart_send_str>:
# 
# void uart_send_str(const char *str) {
    13a0:	fe010113          	add	sp,sp,-32
    13a4:	00812e23          	sw	s0,28(sp)
    13a8:	02010413          	add	s0,sp,32
    13ac:	fea42623          	sw	a0,-20(s0)
#   while (*str) {
    13b0:	0380006f          	j	13e8 <uart_send_str+0x48>
#     while (*uart_out)
    13b4:	00000013          	nop
    13b8:	000037b7          	lui	a5,0x3
    13bc:	bf07a783          	lw	a5,-1040(a5) # 2bf0 <uart_out>
    13c0:	0007c783          	lbu	a5,0(a5)
    13c4:	0ff7f793          	zext.b	a5,a5
    13c8:	fe0798e3          	bnez	a5,13b8 <uart_send_str+0x18>
#       ;
#     *uart_out = *str++;
    13cc:	fec42783          	lw	a5,-20(s0)
    13d0:	00178713          	add	a4,a5,1
    13d4:	fee42623          	sw	a4,-20(s0)
    13d8:	00003737          	lui	a4,0x3
    13dc:	bf072703          	lw	a4,-1040(a4) # 2bf0 <uart_out>
    13e0:	0007c783          	lbu	a5,0(a5)
    13e4:	00f70023          	sb	a5,0(a4)
#   while (*str) {
    13e8:	fec42783          	lw	a5,-20(s0)
    13ec:	0007c783          	lbu	a5,0(a5)
    13f0:	fc0792e3          	bnez	a5,13b4 <uart_send_str+0x14>
#   }
# }
    13f4:	00000013          	nop
    13f8:	00000013          	nop
    13fc:	01c12403          	lw	s0,28(sp)
    1400:	02010113          	add	sp,sp,32
    1404:	00008067          	ret

00001408 <uart_send_hex_byte>:
# 
# void uart_send_hex_byte(const char ch) {
    1408:	fe010113          	add	sp,sp,-32
    140c:	00112e23          	sw	ra,28(sp)
    1410:	00812c23          	sw	s0,24(sp)
    1414:	02010413          	add	s0,sp,32
    1418:	00050793          	mv	a5,a0
    141c:	fef407a3          	sb	a5,-17(s0)
#   uart_send_hex_nibble((ch & 0xf0) >> 4);
    1420:	fef44783          	lbu	a5,-17(s0)
    1424:	0047d793          	srl	a5,a5,0x4
    1428:	0ff7f793          	zext.b	a5,a5
    142c:	00078513          	mv	a0,a5
    1430:	00000097          	auipc	ra,0x0
    1434:	034080e7          	jalr	52(ra) # 1464 <uart_send_hex_nibble>
#   uart_send_hex_nibble(ch & 0x0f);
    1438:	fef44783          	lbu	a5,-17(s0)
    143c:	00f7f793          	and	a5,a5,15
    1440:	0ff7f793          	zext.b	a5,a5
    1444:	00078513          	mv	a0,a5
    1448:	00000097          	auipc	ra,0x0
    144c:	01c080e7          	jalr	28(ra) # 1464 <uart_send_hex_nibble>
# }
    1450:	00000013          	nop
    1454:	01c12083          	lw	ra,28(sp)
    1458:	01812403          	lw	s0,24(sp)
    145c:	02010113          	add	sp,sp,32
    1460:	00008067          	ret

00001464 <uart_send_hex_nibble>:
# 
# void uart_send_hex_nibble(const char nibble) {
    1464:	fe010113          	add	sp,sp,-32
    1468:	00112e23          	sw	ra,28(sp)
    146c:	00812c23          	sw	s0,24(sp)
    1470:	02010413          	add	s0,sp,32
    1474:	00050793          	mv	a5,a0
    1478:	fef407a3          	sb	a5,-17(s0)
#   if (nibble < 10) {
    147c:	fef44703          	lbu	a4,-17(s0)
    1480:	00900793          	li	a5,9
    1484:	02e7e063          	bltu	a5,a4,14a4 <uart_send_hex_nibble+0x40>
#     uart_send_char('0' + nibble);
    1488:	fef44783          	lbu	a5,-17(s0)
    148c:	03078793          	add	a5,a5,48
    1490:	0ff7f793          	zext.b	a5,a5
    1494:	00078513          	mv	a0,a5
    1498:	00000097          	auipc	ra,0x0
    149c:	038080e7          	jalr	56(ra) # 14d0 <uart_send_char>
#   } else {
#     uart_send_char('A' + (nibble - 10));
#   }
# }
    14a0:	01c0006f          	j	14bc <uart_send_hex_nibble+0x58>
#     uart_send_char('A' + (nibble - 10));
    14a4:	fef44783          	lbu	a5,-17(s0)
    14a8:	03778793          	add	a5,a5,55
    14ac:	0ff7f793          	zext.b	a5,a5
    14b0:	00078513          	mv	a0,a5
    14b4:	00000097          	auipc	ra,0x0
    14b8:	01c080e7          	jalr	28(ra) # 14d0 <uart_send_char>
# }
    14bc:	00000013          	nop
    14c0:	01c12083          	lw	ra,28(sp)
    14c4:	01812403          	lw	s0,24(sp)
    14c8:	02010113          	add	sp,sp,32
    14cc:	00008067          	ret

000014d0 <uart_send_char>:
# 
# void uart_send_char(const char ch) {
    14d0:	fe010113          	add	sp,sp,-32
    14d4:	00812e23          	sw	s0,28(sp)
    14d8:	02010413          	add	s0,sp,32
    14dc:	00050793          	mv	a5,a0
    14e0:	fef407a3          	sb	a5,-17(s0)
#   while (*uart_out)
    14e4:	00000013          	nop
    14e8:	000037b7          	lui	a5,0x3
    14ec:	bf07a783          	lw	a5,-1040(a5) # 2bf0 <uart_out>
    14f0:	0007c783          	lbu	a5,0(a5)
    14f4:	0ff7f793          	zext.b	a5,a5
    14f8:	fe0798e3          	bnez	a5,14e8 <uart_send_char+0x18>
#     ;
#   *uart_out = ch;
    14fc:	000037b7          	lui	a5,0x3
    1500:	bf07a783          	lw	a5,-1040(a5) # 2bf0 <uart_out>
    1504:	fef44703          	lbu	a4,-17(s0)
    1508:	00e78023          	sb	a4,0(a5)
# }
    150c:	00000013          	nop
    1510:	01c12403          	lw	s0,28(sp)
    1514:	02010113          	add	sp,sp,32
    1518:	00008067          	ret

0000151c <uart_read_char>:
# 
# char uart_read_char() {
    151c:	fe010113          	add	sp,sp,-32
    1520:	00812e23          	sw	s0,28(sp)
    1524:	02010413          	add	s0,sp,32
#   char ch;
#   while ((ch = *uart_in) == 0)
    1528:	00000013          	nop
    152c:	000037b7          	lui	a5,0x3
    1530:	bf47a783          	lw	a5,-1036(a5) # 2bf4 <uart_in>
    1534:	0007c783          	lbu	a5,0(a5)
    1538:	fef407a3          	sb	a5,-17(s0)
    153c:	fef44783          	lbu	a5,-17(s0)
    1540:	fe0786e3          	beqz	a5,152c <uart_read_char+0x10>
#     ;
#   return ch;
    1544:	fef44783          	lbu	a5,-17(s0)
# }
    1548:	00078513          	mv	a0,a5
    154c:	01c12403          	lw	s0,28(sp)
    1550:	02010113          	add	sp,sp,32
    1554:	00008067          	ret
